<?xml version="1.0" encoding="UTF-8"?>
<testng-results skipped="2" failed="1" total="5" passed="2">
  <reporter-output>
    <line>
      <![CDATA[Login to Mail]]>
    </line>
    <line>
      <![CDATA[Login to Mail]]>
    </line>
    <line>
      <![CDATA[Send message]]>
    </line>
    <line>
      <![CDATA[Login to Mail]]>
    </line>
  </reporter-output>
  <suite name="Default suite" duration-ms="96789" started-at="2018-08-09T15:27:37Z" finished-at="2018-08-09T15:29:14Z">
    <groups>
      <group name="test_3">
        <method signature="MailDeleteTest.mailRuMailDeleteTest()[pri:0, instance:tests.MailDeleteTest@3ab39c39]" name="mailRuMailDeleteTest" class="tests.MailDeleteTest"/>
        <method signature="MailDeleteTest.dragNDropMailTest()[pri:0, instance:tests.MailDeleteTest@3ab39c39]" name="dragNDropMailTest" class="tests.MailDeleteTest"/>
      </group> <!-- test_3 -->
      <group name="test_2">
        <method signature="MailSendTest.mailRuMailSendingTest()[pri:0, instance:tests.MailSendTest@445b84c0]" name="mailRuMailSendingTest" class="tests.MailSendTest"/>
      </group> <!-- test_2 -->
      <group name="test_1">
        <method signature="MailCreationTest.mailRuLoginTest()[pri:0, instance:tests.MailCreationTest@2b80d80f]" name="mailRuLoginTest" class="tests.MailCreationTest"/>
        <method signature="MailCreationTest.mailRuMailCreationTest()[pri:0, instance:tests.MailCreationTest@2b80d80f]" name="mailRuMailCreationTest" class="tests.MailCreationTest"/>
      </group> <!-- test_1 -->
    </groups>
    <test name="Default test" duration-ms="96789" started-at="2018-08-09T15:27:37Z" finished-at="2018-08-09T15:29:14Z">
      <class name="tests.MailDeleteTest">
        <test-method status="PASS" signature="startBrowser()[pri:0, instance:tests.MailDeleteTest@3ab39c39]" name="startBrowser" is-config="true" duration-ms="5774" started-at="2018-08-09T18:28:54Z" finished-at="2018-08-09T18:29:00Z">
          <reporter-output>
          </reporter-output>
        </test-method> <!-- startBrowser -->
        <test-method status="SKIP" signature="mailRuMailDeleteTest()[pri:0, instance:tests.MailDeleteTest@3ab39c39]" name="mailRuMailDeleteTest" duration-ms="0" depends-on-groups="test_2" started-at="2018-08-09T18:29:00Z" description="Mail delete" finished-at="2018-08-09T18:29:00Z">
          <reporter-output>
          </reporter-output>
        </test-method> <!-- mailRuMailDeleteTest -->
        <test-method name="dragNDropMailTest" signature="dragNDropMailTest()[pri:0, instance:tests.MailDeleteTest@3ab39c39]" depends-on-groups="test_2" status="SKIP" duration-ms="0" finished-at="2018-08-09T18:29:00Z" started-at="2018-08-09T18:29:00Z" depends-on-methods="tests.MailDeleteTest.mailRuMailDeleteTest" description="Mail drag and drop from Basket to DRAFT">
          <reporter-output>
          </reporter-output>
        </test-method> <!-- dragNDropMailTest -->
        <test-method status="FAIL" signature="stopBrowser()[pri:0, instance:tests.MailDeleteTest@3ab39c39]" name="stopBrowser" is-config="true" duration-ms="0" started-at="2018-08-09T18:29:00Z" description="Stop Browser" finished-at="2018-08-09T18:29:00Z">
          <exception class="org.openqa.selenium.WebDriverException">
            <message>
              <![CDATA[chrome not reachable
  (Session info: chrome=67.0.3396.99)
  (Driver info: chromedriver=2.40.565498 (ea082db3280dd6843ebfb08a625e3eb905c4f5ab),platform=Windows NT 6.3.9600 x86_64) (WARNING: The server did not provide any stacktrace information)
Command duration or timeout: 0 milliseconds
Build info: version: '3.13.0', revision: '2f0d292', time: '2018-06-25T15:24:21.231Z'
System info: host: 'EPBYMINW3159', ip: '192.168.56.1', os.name: 'Windows 8.1', os.arch: 'amd64', os.version: '6.3', java.version: '1.8.0_144'
Driver info: org.openqa.selenium.chrome.ChromeDriver
Capabilities {acceptInsecureCerts: false, acceptSslCerts: false, applicationCacheEnabled: false, browserConnectionEnabled: false, browserName: chrome, chrome: {chromedriverVersion: 2.40.565498 (ea082db3280dd6..., userDataDir: C:\Users\VOLHA_~1\AppData\L...}, cssSelectorsEnabled: true, databaseEnabled: false, handlesAlerts: true, hasTouchScreen: false, javascriptEnabled: true, locationContextEnabled: true, mobileEmulationEnabled: false, nativeEvents: true, networkConnectionEnabled: false, pageLoadStrategy: normal, platform: XP, platformName: XP, rotatable: false, setWindowRect: true, takesHeapSnapshot: true, takesScreenshot: true, unexpectedAlertBehaviour: , unhandledPromptBehavior: , version: 67.0.3396.99, webStorageEnabled: true}
Session ID: 9971a43eeae2aee8d371c58e95309d4c
*** Element info: {Using=id, value=PH_logoutLink}]]>
            </message>
            <full-stacktrace>
              <![CDATA[org.openqa.selenium.WebDriverException: chrome not reachable
  (Session info: chrome=67.0.3396.99)
  (Driver info: chromedriver=2.40.565498 (ea082db3280dd6843ebfb08a625e3eb905c4f5ab),platform=Windows NT 6.3.9600 x86_64) (WARNING: The server did not provide any stacktrace information)
Command duration or timeout: 0 milliseconds
Build info: version: '3.13.0', revision: '2f0d292', time: '2018-06-25T15:24:21.231Z'
System info: host: 'EPBYMINW3159', ip: '192.168.56.1', os.name: 'Windows 8.1', os.arch: 'amd64', os.version: '6.3', java.version: '1.8.0_144'
Driver info: org.openqa.selenium.chrome.ChromeDriver
Capabilities {acceptInsecureCerts: false, acceptSslCerts: false, applicationCacheEnabled: false, browserConnectionEnabled: false, browserName: chrome, chrome: {chromedriverVersion: 2.40.565498 (ea082db3280dd6..., userDataDir: C:\Users\VOLHA_~1\AppData\L...}, cssSelectorsEnabled: true, databaseEnabled: false, handlesAlerts: true, hasTouchScreen: false, javascriptEnabled: true, locationContextEnabled: true, mobileEmulationEnabled: false, nativeEvents: true, networkConnectionEnabled: false, pageLoadStrategy: normal, platform: XP, platformName: XP, rotatable: false, setWindowRect: true, takesHeapSnapshot: true, takesScreenshot: true, unexpectedAlertBehaviour: , unhandledPromptBehavior: , version: 67.0.3396.99, webStorageEnabled: true}
Session ID: 9971a43eeae2aee8d371c58e95309d4c
*** Element info: {Using=id, value=PH_logoutLink}
	at sun.reflect.NativeConstructorAccessorImpl.newInstance0(Native Method)
	at sun.reflect.NativeConstructorAccessorImpl.newInstance(Unknown Source)
	at sun.reflect.DelegatingConstructorAccessorImpl.newInstance(Unknown Source)
	at java.lang.reflect.Constructor.newInstance(Unknown Source)
	at org.openqa.selenium.remote.ErrorHandler.createThrowable(ErrorHandler.java:214)
	at org.openqa.selenium.remote.ErrorHandler.throwIfResponseFailed(ErrorHandler.java:166)
	at org.openqa.selenium.remote.http.JsonHttpResponseCodec.reconstructValue(JsonHttpResponseCodec.java:40)
	at org.openqa.selenium.remote.http.AbstractHttpResponseCodec.decode(AbstractHttpResponseCodec.java:80)
	at org.openqa.selenium.remote.http.AbstractHttpResponseCodec.decode(AbstractHttpResponseCodec.java:44)
	at org.openqa.selenium.remote.HttpCommandExecutor.execute(HttpCommandExecutor.java:158)
	at org.openqa.selenium.remote.service.DriverCommandExecutor.execute(DriverCommandExecutor.java:83)
	at org.openqa.selenium.remote.RemoteWebDriver.execute(RemoteWebDriver.java:548)
	at org.openqa.selenium.remote.RemoteWebDriver.findElement(RemoteWebDriver.java:322)
	at org.openqa.selenium.remote.RemoteWebDriver.findElementById(RemoteWebDriver.java:368)
	at org.openqa.selenium.By$ById.findElement(By.java:188)
	at org.openqa.selenium.remote.RemoteWebDriver.findElement(RemoteWebDriver.java:314)
	at org.openqa.selenium.support.pagefactory.DefaultElementLocator.findElement(DefaultElementLocator.java:69)
	at org.openqa.selenium.support.pagefactory.internal.LocatingElementHandler.invoke(LocatingElementHandler.java:38)
	at com.sun.proxy.$Proxy8.isDisplayed(Unknown Source)
	at org.openqa.selenium.support.ui.ExpectedConditions$9.apply(ExpectedConditions.java:275)
	at org.openqa.selenium.support.ui.ExpectedConditions$9.apply(ExpectedConditions.java:271)
	at org.openqa.selenium.support.ui.FluentWait.until(FluentWait.java:248)
	at pages.BasePage.waitForElementVisible(BasePage.java:24)
	at pages.AccountPage.clickLogOut(AccountPage.java:76)
	at tests.TestBase.stopBrowser(TestBase.java:43)
	at sun.reflect.NativeMethodAccessorImpl.invoke0(Native Method)
	at sun.reflect.NativeMethodAccessorImpl.invoke(Unknown Source)
	at sun.reflect.DelegatingMethodAccessorImpl.invoke(Unknown Source)
	at java.lang.reflect.Method.invoke(Unknown Source)
	at org.testng.internal.MethodInvocationHelper.invokeMethod(MethodInvocationHelper.java:84)
	at org.testng.internal.Invoker.invokeConfigurationMethod(Invoker.java:564)
	at org.testng.internal.Invoker.invokeConfigurations(Invoker.java:213)
	at org.testng.internal.Invoker.invokeConfigurations(Invoker.java:138)
	at org.testng.internal.TestMethodWorker.invokeAfterClassMethods(TestMethodWorker.java:225)
	at org.testng.internal.TestMethodWorker.run(TestMethodWorker.java:114)
	at org.testng.TestRunner.privateRun(TestRunner.java:767)
	at org.testng.TestRunner.run(TestRunner.java:617)
	at org.testng.SuiteRunner.runTest(SuiteRunner.java:334)
	at org.testng.SuiteRunner.runSequentially(SuiteRunner.java:329)
	at org.testng.SuiteRunner.privateRun(SuiteRunner.java:291)
	at org.testng.SuiteRunner.run(SuiteRunner.java:240)
	at org.testng.SuiteRunnerWorker.runSuite(SuiteRunnerWorker.java:52)
	at org.testng.SuiteRunnerWorker.run(SuiteRunnerWorker.java:86)
	at org.testng.TestNG.runSuitesSequentially(TestNG.java:1224)
	at org.testng.TestNG.runSuitesLocally(TestNG.java:1149)
	at org.testng.TestNG.run(TestNG.java:1057)
	at org.testng.remote.RemoteTestNG.run(RemoteTestNG.java:111)
	at org.testng.remote.RemoteTestNG.initAndRun(RemoteTestNG.java:204)
	at org.testng.remote.RemoteTestNG.main(RemoteTestNG.java:175)
]]>
            </full-stacktrace>
          </exception> <!-- org.openqa.selenium.WebDriverException -->
          <reporter-output>
          </reporter-output>
        </test-method> <!-- stopBrowser -->
      </class> <!-- tests.MailDeleteTest -->
      <class name="tests.MailSendTest">
        <test-method status="PASS" signature="startBrowser()[pri:0, instance:tests.MailSendTest@445b84c0]" name="startBrowser" is-config="true" duration-ms="5749" started-at="2018-08-09T18:27:55Z" finished-at="2018-08-09T18:28:01Z">
          <reporter-output>
          </reporter-output>
        </test-method> <!-- startBrowser -->
        <test-method status="FAIL" signature="mailRuMailSendingTest()[pri:0, instance:tests.MailSendTest@445b84c0]" name="mailRuMailSendingTest" duration-ms="51019" depends-on-groups="test_1" started-at="2018-08-09T18:28:01Z" description="Mail sending" finished-at="2018-08-09T18:28:52Z">
          <exception class="org.openqa.selenium.TimeoutException">
            <message>
              <![CDATA[Expected condition failed: waiting for visibility of all [Proxy element for: DefaultElementLocator 'By.id: mailbox:login'] (tried for 15 second(s) with 500 milliseconds interval)]]>
            </message>
            <full-stacktrace>
              <![CDATA[org.openqa.selenium.TimeoutException: Expected condition failed: waiting for visibility of all [Proxy element for: DefaultElementLocator 'By.id: mailbox:login'] (tried for 15 second(s) with 500 milliseconds interval)
	at org.openqa.selenium.support.ui.WebDriverWait.timeoutException(WebDriverWait.java:81)
	at org.openqa.selenium.support.ui.FluentWait.until(FluentWait.java:271)
	at pages.BasePage.waitForElementVisible(BasePage.java:24)
	at pages.HomePage.login(HomePage.java:26)
	at services.EmailService.loginToMailRu(EmailService.java:16)
	at tests.MailSendTest.mailRuMailSendingTest(MailSendTest.java:39)
	at sun.reflect.NativeMethodAccessorImpl.invoke0(Native Method)
	at sun.reflect.NativeMethodAccessorImpl.invoke(Unknown Source)
	at sun.reflect.DelegatingMethodAccessorImpl.invoke(Unknown Source)
	at java.lang.reflect.Method.invoke(Unknown Source)
	at org.testng.internal.MethodInvocationHelper.invokeMethod(MethodInvocationHelper.java:84)
	at org.testng.internal.Invoker.invokeMethod(Invoker.java:714)
	at org.testng.internal.Invoker.invokeTestMethod(Invoker.java:901)
	at org.testng.internal.Invoker.invokeTestMethods(Invoker.java:1231)
	at org.testng.internal.TestMethodWorker.invokeTestMethods(TestMethodWorker.java:127)
	at org.testng.internal.TestMethodWorker.run(TestMethodWorker.java:111)
	at org.testng.TestRunner.privateRun(TestRunner.java:767)
	at org.testng.TestRunner.run(TestRunner.java:617)
	at org.testng.SuiteRunner.runTest(SuiteRunner.java:334)
	at org.testng.SuiteRunner.runSequentially(SuiteRunner.java:329)
	at org.testng.SuiteRunner.privateRun(SuiteRunner.java:291)
	at org.testng.SuiteRunner.run(SuiteRunner.java:240)
	at org.testng.SuiteRunnerWorker.runSuite(SuiteRunnerWorker.java:52)
	at org.testng.SuiteRunnerWorker.run(SuiteRunnerWorker.java:86)
	at org.testng.TestNG.runSuitesSequentially(TestNG.java:1224)
	at org.testng.TestNG.runSuitesLocally(TestNG.java:1149)
	at org.testng.TestNG.run(TestNG.java:1057)
	at org.testng.remote.RemoteTestNG.run(RemoteTestNG.java:111)
	at org.testng.remote.RemoteTestNG.initAndRun(RemoteTestNG.java:204)
	at org.testng.remote.RemoteTestNG.main(RemoteTestNG.java:175)
Caused by: org.openqa.selenium.NoSuchElementException: no such element: Unable to locate element: {"method":"id","selector":"mailbox:login"}
  (Session info: chrome=67.0.3396.99)
  (Driver info: chromedriver=2.40.565498 (ea082db3280dd6843ebfb08a625e3eb905c4f5ab),platform=Windows NT 6.3.9600 x86_64) (WARNING: The server did not provide any stacktrace information)
Command duration or timeout: 0 milliseconds
For documentation on this error, please visit: http://seleniumhq.org/exceptions/no_such_element.html
Build info: version: '3.13.0', revision: '2f0d292', time: '2018-06-25T15:24:21.231Z'
System info: host: 'EPBYMINW3159', ip: '192.168.56.1', os.name: 'Windows 8.1', os.arch: 'amd64', os.version: '6.3', java.version: '1.8.0_144'
Driver info: org.openqa.selenium.chrome.ChromeDriver
Capabilities {acceptInsecureCerts: false, acceptSslCerts: false, applicationCacheEnabled: false, browserConnectionEnabled: false, browserName: chrome, chrome: {chromedriverVersion: 2.40.565498 (ea082db3280dd6..., userDataDir: C:\Users\VOLHA_~1\AppData\L...}, cssSelectorsEnabled: true, databaseEnabled: false, handlesAlerts: true, hasTouchScreen: false, javascriptEnabled: true, locationContextEnabled: true, mobileEmulationEnabled: false, nativeEvents: true, networkConnectionEnabled: false, pageLoadStrategy: normal, platform: XP, platformName: XP, rotatable: false, setWindowRect: true, takesHeapSnapshot: true, takesScreenshot: true, unexpectedAlertBehaviour: , unhandledPromptBehavior: , version: 67.0.3396.99, webStorageEnabled: true}
Session ID: e734b5fea9ea397ef7f93fc1b29a601f
*** Element info: {Using=id, value=mailbox:login}
	at sun.reflect.NativeConstructorAccessorImpl.newInstance0(Native Method)
	at sun.reflect.NativeConstructorAccessorImpl.newInstance(Unknown Source)
	at sun.reflect.DelegatingConstructorAccessorImpl.newInstance(Unknown Source)
	at java.lang.reflect.Constructor.newInstance(Unknown Source)
	at org.openqa.selenium.remote.ErrorHandler.createThrowable(ErrorHandler.java:214)
	at org.openqa.selenium.remote.ErrorHandler.throwIfResponseFailed(ErrorHandler.java:166)
	at org.openqa.selenium.remote.http.JsonHttpResponseCodec.reconstructValue(JsonHttpResponseCodec.java:40)
	at org.openqa.selenium.remote.http.AbstractHttpResponseCodec.decode(AbstractHttpResponseCodec.java:80)
	at org.openqa.selenium.remote.http.AbstractHttpResponseCodec.decode(AbstractHttpResponseCodec.java:44)
	at org.openqa.selenium.remote.HttpCommandExecutor.execute(HttpCommandExecutor.java:158)
	at org.openqa.selenium.remote.service.DriverCommandExecutor.execute(DriverCommandExecutor.java:83)
	at org.openqa.selenium.remote.RemoteWebDriver.execute(RemoteWebDriver.java:548)
	at org.openqa.selenium.remote.RemoteWebDriver.findElement(RemoteWebDriver.java:322)
	at org.openqa.selenium.remote.RemoteWebDriver.findElementById(RemoteWebDriver.java:368)
	at org.openqa.selenium.By$ById.findElement(By.java:188)
	at org.openqa.selenium.remote.RemoteWebDriver.findElement(RemoteWebDriver.java:314)
	at org.openqa.selenium.support.pagefactory.DefaultElementLocator.findElement(DefaultElementLocator.java:69)
	at org.openqa.selenium.support.pagefactory.internal.LocatingElementHandler.invoke(LocatingElementHandler.java:38)
	at com.sun.proxy.$Proxy8.isDisplayed(Unknown Source)
	at org.openqa.selenium.support.ui.ExpectedConditions$9.apply(ExpectedConditions.java:275)
	at org.openqa.selenium.support.ui.ExpectedConditions$9.apply(ExpectedConditions.java:271)
	at org.openqa.selenium.support.ui.FluentWait.until(FluentWait.java:248)
	... 28 more
]]>
            </full-stacktrace>
          </exception> <!-- org.openqa.selenium.TimeoutException -->
          <reporter-output>
            <line>
              <![CDATA[Login to Mail]]>
            </line>
            <line>
              <![CDATA[Send message]]>
            </line>
            <line>
              <![CDATA[Login to Mail]]>
            </line>
          </reporter-output>
        </test-method> <!-- mailRuMailSendingTest -->
        <test-method status="PASS" signature="stopBrowser()[pri:0, instance:tests.MailSendTest@445b84c0]" name="stopBrowser" is-config="true" duration-ms="1888" started-at="2018-08-09T18:28:52Z" description="Stop Browser" finished-at="2018-08-09T18:28:54Z">
          <reporter-output>
          </reporter-output>
        </test-method> <!-- stopBrowser -->
      </class> <!-- tests.MailSendTest -->
      <class name="tests.MailCreationTest">
        <test-method status="PASS" signature="startBrowser()[pri:0, instance:tests.MailCreationTest@2b80d80f]" name="startBrowser" is-config="true" duration-ms="5755" started-at="2018-08-09T18:27:37Z" finished-at="2018-08-09T18:27:43Z">
          <reporter-output>
          </reporter-output>
        </test-method> <!-- startBrowser -->
        <test-method status="PASS" signature="mailRuLoginTest()[pri:0, instance:tests.MailCreationTest@2b80d80f]" name="mailRuLoginTest" duration-ms="5390" started-at="2018-08-09T18:27:43Z" description="Login to mail.ru" finished-at="2018-08-09T18:27:48Z">
          <reporter-output>
            <line>
              <![CDATA[Login to Mail]]>
            </line>
          </reporter-output>
        </test-method> <!-- mailRuLoginTest -->
        <test-method status="PASS" signature="mailRuMailCreationTest()[pri:0, instance:tests.MailCreationTest@2b80d80f]" name="mailRuMailCreationTest" duration-ms="4836" started-at="2018-08-09T18:27:48Z" description="Mail creation" depends-on-methods="tests.MailCreationTest.mailRuLoginTest" finished-at="2018-08-09T18:27:53Z">
          <reporter-output>
          </reporter-output>
        </test-method> <!-- mailRuMailCreationTest -->
        <test-method status="PASS" signature="stopBrowser()[pri:0, instance:tests.MailCreationTest@2b80d80f]" name="stopBrowser" is-config="true" duration-ms="2117" started-at="2018-08-09T18:27:53Z" description="Stop Browser" finished-at="2018-08-09T18:27:55Z">
          <reporter-output>
          </reporter-output>
        </test-method> <!-- stopBrowser -->
      </class> <!-- tests.MailCreationTest -->
    </test> <!-- Default test -->
  </suite> <!-- Default suite -->
</testng-results>
